[13Jul2025 00:00:42.539] [Server thread/WARN] [net.minecraft.world.level.chunk.LevelChunk/]: Tried to load a block entity for block Block{minecraft:smithing_table} but failed at location BlockPos{x=-1442, y=13, z=-947}
[13Jul2025 00:00:44.536] [Server thread/WARN] [net.minecraft.world.level.chunk.LevelChunk/]: Tried to load a block entity for block Block{minecraft:fletching_table} but failed at location BlockPos{x=-1471, y=28, z=-965}
[13Jul2025 00:01:02.296] [Server thread/WARN] [net.minecraft.world.level.chunk.LevelChunk/]: Tried to load a block entity for block Block{minecraft:smithing_table} but failed at location BlockPos{x=-1475, y=0, z=-918}
[13Jul2025 00:01:02.297] [Server thread/WARN] [net.minecraft.world.level.chunk.LevelChunk/]: Tried to load a block entity for block Block{minecraft:smithing_table} but failed at location BlockPos{x=-1477, y=0, z=-908}
[13Jul2025 00:01:42.649] [Server thread/WARN] [net.minecraft.server.level.ServerPlayerGameMode/]: Mismatch in destroy block pos: BlockPos{x=-1231, y=80, z=-681} BlockPos{x=-1229, y=78, z=-681}
[13Jul2025 00:02:27.544] [Server thread/WARN] [net.minecraft.world.level.chunk.LevelChunk/]: Tried to load a block entity for block Block{minecraft:fletching_table} but failed at location BlockPos{x=-1511, y=-26, z=-648}
[13Jul2025 00:02:31.143] [Server thread/WARN] [net.minecraft.world.level.chunk.LevelChunk/]: Tried to load a block entity for block Block{minecraft:fletching_table} but failed at location BlockPos{x=-1521, y=7, z=-952}
[13Jul2025 00:02:36.940] [Server thread/WARN] [net.minecraft.world.level.chunk.LevelChunk/]: Tried to load a block entity for block Block{minecraft:smithing_table} but failed at location BlockPos{x=-1542, y=36, z=-850}
[13Jul2025 00:11:35.107] [Server thread/WARN] [net.minecraft.server.network.ServerGamePacketListenerImpl/]: TerroncitoTroll moved wrongly!
[13Jul2025 00:11:43.597] [Server thread/INFO] [net.minecraft.server.MinecraftServer/]: <TerroncitoTroll> ay wey
[13Jul2025 00:13:46.152] [Server thread/INFO] [net.minecraft.server.MinecraftServer/]: <TerroncitoTroll> aywy
[13Jul2025 00:14:38.593] [Server thread/WARN] [tombstone/]: The death event of the player TerroncitoTroll was canceled by another mod
[13Jul2025 00:14:38.601] [Server thread/INFO] [tombstone/]: The player TerroncitoTroll has successfully been saved
[13Jul2025 00:14:51.105] [Server thread/WARN] [tombstone/]: The death event of the player TerroncitoTroll was canceled by another mod
[13Jul2025 00:15:43.549] [Server thread/WARN] [tombstone/]: The death event of the player TerroncitoTroll was canceled by another mod
[13Jul2025 00:15:56.101] [Server thread/INFO] [net.minecraft.server.MinecraftServer/]: TerroncitoTroll was slain by Horde Zombie
[13Jul2025 00:15:57.198] [Server thread/INFO] [net.petemc.undeadnights.UndeadNights/]: UNLOAD GlobalSpawnCount: 30 UNLOADED_TO_CHUNK 9c4fe5c3-db1c-4895-ab2d-b83b887d387c
[13Jul2025 00:15:57.198] [Server thread/INFO] [net.petemc.undeadnights.UndeadNights/]: UNLOAD GlobalSpawnCount: 29 UNLOADED_TO_CHUNK e76965b0-6a88-4297-995b-31bfb2326cfa
[13Jul2025 00:15:57.198] [Server thread/INFO] [net.petemc.undeadnights.UndeadNights/]: UNLOAD GlobalSpawnCount: 28 UNLOADED_TO_CHUNK af057388-f859-4c84-b71c-71dc4445c29d
[13Jul2025 00:15:57.198] [Server thread/INFO] [net.petemc.undeadnights.UndeadNights/]: UNLOAD GlobalSpawnCount: 27 UNLOADED_TO_CHUNK e1638676-8414-4f3e-b61f-d5907ad5059a
[13Jul2025 00:15:57.198] [Server thread/INFO] [net.petemc.undeadnights.UndeadNights/]: UNLOAD GlobalSpawnCount: 26 UNLOADED_TO_CHUNK 9c2ce04c-bd60-4f7f-abfc-a4382a222787
[13Jul2025 00:15:57.198] [Server thread/INFO] [net.petemc.undeadnights.UndeadNights/]: UNLOAD GlobalSpawnCount: 25 UNLOADED_TO_CHUNK 1ad9cb2c-39e0-41c9-9c7f-dad2c66cc670
[13Jul2025 00:15:57.198] [Server thread/INFO] [net.petemc.undeadnights.UndeadNights/]: UNLOAD GlobalSpawnCount: 24 UNLOADED_TO_CHUNK 13d9f266-da08-4eb4-8fd2-e3eb4b8096bf
[13Jul2025 00:15:57.198] [Server thread/INFO] [net.petemc.undeadnights.UndeadNights/]: UNLOAD GlobalSpawnCount: 23 UNLOADED_TO_CHUNK d50c8212-bc8c-4807-9322-71d929f2d0aa
[13Jul2025 00:15:57.201] [Server thread/INFO] [net.petemc.undeadnights.UndeadNights/]: UNLOAD GlobalSpawnCount: 22 UNLOADED_TO_CHUNK b64f159f-795d-4cdd-a43d-89c2f866ca60
[13Jul2025 00:15:57.201] [Server thread/INFO] [net.petemc.undeadnights.UndeadNights/]: UNLOAD GlobalSpawnCount: 21 UNLOADED_TO_CHUNK 04746ce9-89ef-467b-b7b8-0e236833b649
[13Jul2025 00:15:57.201] [Server thread/INFO] [net.petemc.undeadnights.UndeadNights/]: UNLOAD GlobalSpawnCount: 20 UNLOADED_TO_CHUNK 9d3f50a5-9c58-49e6-8487-1db2110999ad
[13Jul2025 00:15:57.201] [Server thread/INFO] [net.petemc.undeadnights.UndeadNights/]: UNLOAD GlobalSpawnCount: 19 UNLOADED_TO_CHUNK 3bbc1038-8bf8-409c-9e37-3c15543415d4
[13Jul2025 00:15:57.203] [Server thread/INFO] [net.petemc.undeadnights.UndeadNights/]: UNLOAD GlobalSpawnCount: 18 UNLOADED_TO_CHUNK 36b1cc35-28ad-414e-874a-1e6f8ac754bc
[13Jul2025 00:15:57.203] [Server thread/INFO] [net.petemc.undeadnights.UndeadNights/]: UNLOAD GlobalSpawnCount: 17 UNLOADED_TO_CHUNK c71d77a8-e4e5-4931-950d-79f5252b9c4d
[13Jul2025 00:15:57.203] [Server thread/INFO] [net.petemc.undeadnights.UndeadNights/]: UNLOAD GlobalSpawnCount: 16 UNLOADED_TO_CHUNK 3e50bde5-4a2d-4f62-bf8a-fec2c7df15b9
[13Jul2025 00:15:57.203] [Server thread/INFO] [net.petemc.undeadnights.UndeadNights/]: UNLOAD GlobalSpawnCount: 15 UNLOADED_TO_CHUNK 2f451259-fa27-40aa-91a7-03f0091b0053
[13Jul2025 00:15:57.203] [Server thread/INFO] [net.petemc.undeadnights.UndeadNights/]: UNLOAD GlobalSpawnCount: 14 UNLOADED_TO_CHUNK 89ac9828-b252-4dbe-a73d-8d1d8cb3fd3c
[13Jul2025 00:15:57.203] [Server thread/INFO] [net.petemc.undeadnights.UndeadNights/]: UNLOAD GlobalSpawnCount: 13 UNLOADED_TO_CHUNK 4132893d-3df0-4444-949a-db603db6780b
[13Jul2025 00:15:57.203] [Server thread/INFO] [net.petemc.undeadnights.UndeadNights/]: UNLOAD GlobalSpawnCount: 12 UNLOADED_TO_CHUNK 92fa24c7-20f3-4384-9106-459681543057
[13Jul2025 00:15:57.204] [Server thread/INFO] [net.petemc.undeadnights.UndeadNights/]: UNLOAD GlobalSpawnCount: 11 UNLOADED_TO_CHUNK df998988-ef09-4ab4-a7ee-0d9ac9bc243d
[13Jul2025 00:15:57.204] [Server thread/INFO] [net.petemc.undeadnights.UndeadNights/]: UNLOAD GlobalSpawnCount: 10 UNLOADED_TO_CHUNK 5906e87b-ba65-42eb-b9c6-65355c6b4ed5
[13Jul2025 00:15:57.205] [Server thread/INFO] [net.petemc.undeadnights.UndeadNights/]: UNLOAD GlobalSpawnCount: 9 UNLOADED_TO_CHUNK 97c14573-c98d-4401-b89d-26efbab9713f
[13Jul2025 00:15:57.205] [Server thread/INFO] [net.petemc.undeadnights.UndeadNights/]: UNLOAD GlobalSpawnCount: 8 UNLOADED_TO_CHUNK 9a611e0d-dd07-485e-be50-0697764bf844
[13Jul2025 00:15:57.205] [Server thread/INFO] [net.petemc.undeadnights.UndeadNights/]: UNLOAD GlobalSpawnCount: 7 UNLOADED_TO_CHUNK d56806c6-f6b0-4f67-862a-de9261aacc9d
[13Jul2025 00:15:57.205] [Server thread/INFO] [net.petemc.undeadnights.UndeadNights/]: UNLOAD GlobalSpawnCount: 6 UNLOADED_TO_CHUNK b55df9d1-7fa4-43cf-9dbb-b8f03927eb40
[13Jul2025 00:15:57.205] [Server thread/INFO] [net.petemc.undeadnights.UndeadNights/]: UNLOAD GlobalSpawnCount: 5 UNLOADED_TO_CHUNK 832663fb-466d-4a38-a53f-77f2611066e0
[13Jul2025 00:15:57.205] [Server thread/INFO] [net.petemc.undeadnights.UndeadNights/]: UNLOAD GlobalSpawnCount: 4 UNLOADED_TO_CHUNK a69c4608-3acb-419b-bf40-f4783680a800
[13Jul2025 00:15:58.398] [Server thread/INFO] [net.petemc.undeadnights.UndeadNights/]: UNLOAD GlobalSpawnCount: 3 UNLOADED_TO_CHUNK 0323e878-2703-498a-9454-6a1e8b04085c
[13Jul2025 00:15:58.398] [Server thread/INFO] [net.petemc.undeadnights.UndeadNights/]: UNLOAD GlobalSpawnCount: 2 UNLOADED_TO_CHUNK 8d25cc49-d2fc-4ed8-b709-991fac485899
[13Jul2025 00:15:58.398] [Server thread/INFO] [net.petemc.undeadnights.UndeadNights/]: UNLOAD GlobalSpawnCount: 1 UNLOADED_TO_CHUNK 9c35eef6-df61-4140-b9ee-8fd7aaa33a67
[13Jul2025 00:16:24.760] [Server thread/INFO] [net.minecraft.server.MinecraftServer/]: <TerroncitoTroll> aaa
[13Jul2025 00:16:32.002] [Server thread/INFO] [net.minecraft.server.network.ServerGamePacketListenerImpl/]: TerroncitoTroll lost connection: Timed out
[13Jul2025 00:16:32.002] [Server thread/INFO] [net.minecraft.server.MinecraftServer/]: TerroncitoTroll left the game
[13Jul2025 00:16:32.093] [Server thread/INFO] [net.petemc.undeadnights.UndeadNights/]: UNLOAD GlobalSpawnCount: 30 UNLOADED_TO_CHUNK 9c4fe5c3-db1c-4895-ab2d-b83b887d387c
[13Jul2025 00:16:32.093] [Server thread/INFO] [net.petemc.undeadnights.UndeadNights/]: UNLOAD GlobalSpawnCount: 29 UNLOADED_TO_CHUNK e76965b0-6a88-4297-995b-31bfb2326cfa
[13Jul2025 00:16:32.093] [Server thread/INFO] [net.petemc.undeadnights.UndeadNights/]: UNLOAD GlobalSpawnCount: 28 UNLOADED_TO_CHUNK af057388-f859-4c84-b71c-71dc4445c29d
[13Jul2025 00:16:32.093] [Server thread/INFO] [net.petemc.undeadnights.UndeadNights/]: UNLOAD GlobalSpawnCount: 27 UNLOADED_TO_CHUNK e1638676-8414-4f3e-b61f-d5907ad5059a
[13Jul2025 00:16:32.093] [Server thread/INFO] [net.petemc.undeadnights.UndeadNights/]: UNLOAD GlobalSpawnCount: 26 UNLOADED_TO_CHUNK 9c2ce04c-bd60-4f7f-abfc-a4382a222787
[13Jul2025 00:16:32.094] [Server thread/INFO] [net.petemc.undeadnights.UndeadNights/]: UNLOAD GlobalSpawnCount: 25 UNLOADED_TO_CHUNK 1ad9cb2c-39e0-41c9-9c7f-dad2c66cc670
[13Jul2025 00:16:32.094] [Server thread/INFO] [net.petemc.undeadnights.UndeadNights/]: UNLOAD GlobalSpawnCount: 24 UNLOADED_TO_CHUNK 13d9f266-da08-4eb4-8fd2-e3eb4b8096bf
[13Jul2025 00:16:32.094] [Server thread/INFO] [net.petemc.undeadnights.UndeadNights/]: UNLOAD GlobalSpawnCount: 23 UNLOADED_TO_CHUNK c71d77a8-e4e5-4931-950d-79f5252b9c4d
[13Jul2025 00:16:32.095] [Server thread/INFO] [net.petemc.undeadnights.UndeadNights/]: UNLOAD GlobalSpawnCount: 22 UNLOADED_TO_CHUNK 3e50bde5-4a2d-4f62-bf8a-fec2c7df15b9
[13Jul2025 00:16:32.097] [Server thread/INFO] [net.petemc.undeadnights.UndeadNights/]: UNLOAD GlobalSpawnCount: 21 UNLOADED_TO_CHUNK b64f159f-795d-4cdd-a43d-89c2f866ca60
[13Jul2025 00:16:32.097] [Server thread/INFO] [net.petemc.undeadnights.UndeadNights/]: UNLOAD GlobalSpawnCount: 20 UNLOADED_TO_CHUNK 04746ce9-89ef-467b-b7b8-0e236833b649
[13Jul2025 00:16:32.097] [Server thread/INFO] [net.petemc.undeadnights.UndeadNights/]: UNLOAD GlobalSpawnCount: 19 UNLOADED_TO_CHUNK 0323e878-2703-498a-9454-6a1e8b04085c
[13Jul2025 00:16:32.097] [Server thread/INFO] [net.petemc.undeadnights.UndeadNights/]: UNLOAD GlobalSpawnCount: 18 UNLOADED_TO_CHUNK d56806c6-f6b0-4f67-862a-de9261aacc9d
[13Jul2025 00:16:32.098] [Server thread/INFO] [net.petemc.undeadnights.UndeadNights/]: UNLOAD GlobalSpawnCount: 17 UNLOADED_TO_CHUNK 8d25cc49-d2fc-4ed8-b709-991fac485899
[13Jul2025 00:16:32.098] [Server thread/INFO] [net.petemc.undeadnights.UndeadNights/]: UNLOAD GlobalSpawnCount: 16 UNLOADED_TO_CHUNK 9c35eef6-df61-4140-b9ee-8fd7aaa33a67
[13Jul2025 00:16:32.098] [Server thread/INFO] [net.petemc.undeadnights.UndeadNights/]: UNLOAD GlobalSpawnCount: 15 UNLOADED_TO_CHUNK 5906e87b-ba65-42eb-b9c6-65355c6b4ed5
[13Jul2025 00:16:32.098] [Server thread/INFO] [net.petemc.undeadnights.UndeadNights/]: UNLOAD GlobalSpawnCount: 14 UNLOADED_TO_CHUNK b55df9d1-7fa4-43cf-9dbb-b8f03927eb40
[13Jul2025 00:16:32.098] [Server thread/INFO] [net.petemc.undeadnights.UndeadNights/]: UNLOAD GlobalSpawnCount: 13 UNLOADED_TO_CHUNK 832663fb-466d-4a38-a53f-77f2611066e0
[13Jul2025 00:16:32.099] [Server thread/INFO] [net.petemc.undeadnights.UndeadNights/]: UNLOAD GlobalSpawnCount: 12 UNLOADED_TO_CHUNK 36b1cc35-28ad-414e-874a-1e6f8ac754bc
[13Jul2025 00:16:32.100] [Server thread/INFO] [net.petemc.undeadnights.UndeadNights/]: UNLOAD GlobalSpawnCount: 11 UNLOADED_TO_CHUNK 2f451259-fa27-40aa-91a7-03f0091b0053
[13Jul2025 00:16:32.101] [Server thread/INFO] [net.petemc.undeadnights.UndeadNights/]: UNLOAD GlobalSpawnCount: 10 UNLOADED_TO_CHUNK 89ac9828-b252-4dbe-a73d-8d1d8cb3fd3c
[13Jul2025 00:16:32.101] [Server thread/INFO] [net.petemc.undeadnights.UndeadNights/]: UNLOAD GlobalSpawnCount: 9 UNLOADED_TO_CHUNK 4132893d-3df0-4444-949a-db603db6780b
[13Jul2025 00:16:32.101] [Server thread/INFO] [net.petemc.undeadnights.UndeadNights/]: UNLOAD GlobalSpawnCount: 8 UNLOADED_TO_CHUNK 92fa24c7-20f3-4384-9106-459681543057
[13Jul2025 00:16:32.101] [Server thread/INFO] [net.petemc.undeadnights.UndeadNights/]: UNLOAD GlobalSpawnCount: 7 UNLOADED_TO_CHUNK d50c8212-bc8c-4807-9322-71d929f2d0aa
[13Jul2025 00:16:32.102] [Server thread/INFO] [net.petemc.undeadnights.UndeadNights/]: UNLOAD GlobalSpawnCount: 6 UNLOADED_TO_CHUNK 97c14573-c98d-4401-b89d-26efbab9713f
[13Jul2025 00:16:32.102] [Server thread/INFO] [net.petemc.undeadnights.UndeadNights/]: UNLOAD GlobalSpawnCount: 5 UNLOADED_TO_CHUNK 9a611e0d-dd07-485e-be50-0697764bf844
[13Jul2025 00:16:32.102] [Server thread/INFO] [net.petemc.undeadnights.UndeadNights/]: UNLOAD GlobalSpawnCount: 4 UNLOADED_TO_CHUNK 3bbc1038-8bf8-409c-9e37-3c15543415d4
[13Jul2025 00:16:32.102] [Server thread/INFO] [net.petemc.undeadnights.UndeadNights/]: UNLOAD GlobalSpawnCount: 3 UNLOADED_TO_CHUNK df998988-ef09-4ab4-a7ee-0d9ac9bc243d
[13Jul2025 00:16:32.103] [Server thread/INFO] [net.petemc.undeadnights.UndeadNights/]: UNLOAD GlobalSpawnCount: 2 UNLOADED_TO_CHUNK 9d3f50a5-9c58-49e6-8487-1db2110999ad
[13Jul2025 00:16:32.103] [Server thread/INFO] [net.petemc.undeadnights.UndeadNights/]: UNLOAD GlobalSpawnCount: 1 UNLOADED_TO_CHUNK a69c4608-3acb-419b-bf40-f4783680a800
[13Jul2025 00:17:47.221] [User Authenticator #20/INFO] [net.minecraft.server.network.ServerLoginPacketListenerImpl/]: UUID of player TerroncitoTroll is 0b650c72-c2be-41b7-8fc8-5e9e10a11412
[13Jul2025 00:18:01.836] [Server thread/INFO] [net.minecraft.server.players.PlayerList/]: TerroncitoTroll[/127.153.250.51:44935] logged in with entity id 133227 at (-932.5, 104.0, -873.5)
[13Jul2025 00:18:01.851] [Server thread/INFO] [net.minecraft.server.MinecraftServer/]: TerroncitoTroll joined the game
[13Jul2025 00:18:02.701] [Server thread/WARN] [ImprovableSkills/]: Skill tick took too long! (775 ms, expected <50 ms!). Time map: [improvableskills:ladder_king=775, improvableskills:luck_of_the_sea=0, improvableskills:silent_foot=0, improvableskills:obsidian_skin=0, improvableskills:attack_speed=0, improvableskills:dexterous_arms=0, improvableskills:huckster=0, improvableskills:fast_swimmer=0, improvableskills:growth=0, improvableskills:accelerated_furnace=0, improvableskills:pvp=0, improvableskills:xp_plus=0, improvableskills:soft_landing=0, improvableskills:cutting=0, improvableskills:treasure_sands=0, improvableskills:mob_repellent=0, improvableskills:mining=0, improvableskills:atkdmg_ranged=0, improvableskills:alchemist=0, improvableskills:leaper=0, improvableskills:atkdmg_melee=0, improvableskills:ender_manipulator=0, improvableskills:generic_protection=0, improvableskills:health=0, improvableskills:enchanter=0, improvableskills:digging=0, improvableskills:soul_speed=0]
[13Jul2025 00:18:31.947] [Server thread/INFO] [net.minecraft.server.network.ServerGamePacketListenerImpl/]: TerroncitoTroll lost connection: Timed out
[13Jul2025 00:18:31.948] [Server thread/INFO] [net.minecraft.server.MinecraftServer/]: TerroncitoTroll left the game
[13Jul2025 00:18:32.043] [Server thread/INFO] [net.petemc.undeadnights.UndeadNights/]: UNLOAD GlobalSpawnCount: 30 UNLOADED_TO_CHUNK 9c4fe5c3-db1c-4895-ab2d-b83b887d387c
[13Jul2025 00:18:32.043] [Server thread/INFO] [net.petemc.undeadnights.UndeadNights/]: UNLOAD GlobalSpawnCount: 29 UNLOADED_TO_CHUNK e76965b0-6a88-4297-995b-31bfb2326cfa
[13Jul2025 00:18:32.043] [Server thread/INFO] [net.petemc.undeadnights.UndeadNights/]: UNLOAD GlobalSpawnCount: 28 UNLOADED_TO_CHUNK af057388-f859-4c84-b71c-71dc4445c29d
[13Jul2025 00:18:32.043] [Server thread/INFO] [net.petemc.undeadnights.UndeadNights/]: UNLOAD GlobalSpawnCount: 27 UNLOADED_TO_CHUNK e1638676-8414-4f3e-b61f-d5907ad5059a
[13Jul2025 00:18:32.043] [Server thread/INFO] [net.petemc.undeadnights.UndeadNights/]: UNLOAD GlobalSpawnCount: 26 UNLOADED_TO_CHUNK 9c2ce04c-bd60-4f7f-abfc-a4382a222787
[13Jul2025 00:18:32.043] [Server thread/INFO] [net.petemc.undeadnights.UndeadNights/]: UNLOAD GlobalSpawnCount: 25 UNLOADED_TO_CHUNK 1ad9cb2c-39e0-41c9-9c7f-dad2c66cc670
[13Jul2025 00:18:32.043] [Server thread/INFO] [net.petemc.undeadnights.UndeadNights/]: UNLOAD GlobalSpawnCount: 24 UNLOADED_TO_CHUNK 13d9f266-da08-4eb4-8fd2-e3eb4b8096bf
[13Jul2025 00:18:32.043] [Server thread/INFO] [net.petemc.undeadnights.UndeadNights/]: UNLOAD GlobalSpawnCount: 23 UNLOADED_TO_CHUNK c71d77a8-e4e5-4931-950d-79f5252b9c4d
[13Jul2025 00:18:32.044] [Server thread/INFO] [net.petemc.undeadnights.UndeadNights/]: UNLOAD GlobalSpawnCount: 22 UNLOADED_TO_CHUNK 3e50bde5-4a2d-4f62-bf8a-fec2c7df15b9
[13Jul2025 00:18:32.047] [Server thread/INFO] [net.petemc.undeadnights.UndeadNights/]: UNLOAD GlobalSpawnCount: 21 UNLOADED_TO_CHUNK 04746ce9-89ef-467b-b7b8-0e236833b649
[13Jul2025 00:18:32.047] [Server thread/INFO] [net.petemc.undeadnights.UndeadNights/]: UNLOAD GlobalSpawnCount: 20 UNLOADED_TO_CHUNK 9d3f50a5-9c58-49e6-8487-1db2110999ad
[13Jul2025 00:18:32.047] [Server thread/INFO] [net.petemc.undeadnights.UndeadNights/]: UNLOAD GlobalSpawnCount: 19 UNLOADED_TO_CHUNK 8d25cc49-d2fc-4ed8-b709-991fac485899
[13Jul2025 00:18:32.048] [Server thread/INFO] [net.petemc.undeadnights.UndeadNights/]: UNLOAD GlobalSpawnCount: 18 UNLOADED_TO_CHUNK 9c35eef6-df61-4140-b9ee-8fd7aaa33a67
[13Jul2025 00:18:32.048] [Server thread/INFO] [net.petemc.undeadnights.UndeadNights/]: UNLOAD GlobalSpawnCount: 17 UNLOADED_TO_CHUNK b55df9d1-7fa4-43cf-9dbb-b8f03927eb40
[13Jul2025 00:18:32.048] [Server thread/INFO] [net.petemc.undeadnights.UndeadNights/]: UNLOAD GlobalSpawnCount: 16 UNLOADED_TO_CHUNK 832663fb-466d-4a38-a53f-77f2611066e0
[13Jul2025 00:18:32.048] [Server thread/INFO] [net.petemc.undeadnights.UndeadNights/]: UNLOAD GlobalSpawnCount: 15 UNLOADED_TO_CHUNK 3bbc1038-8bf8-409c-9e37-3c15543415d4
[13Jul2025 00:18:32.048] [Server thread/INFO] [net.petemc.undeadnights.UndeadNights/]: UNLOAD GlobalSpawnCount: 14 UNLOADED_TO_CHUNK 5906e87b-ba65-42eb-b9c6-65355c6b4ed5
[13Jul2025 00:18:32.049] [Server thread/INFO] [net.petemc.undeadnights.UndeadNights/]: UNLOAD GlobalSpawnCount: 13 UNLOADED_TO_CHUNK 36b1cc35-28ad-414e-874a-1e6f8ac754bc
[13Jul2025 00:18:32.050] [Server thread/INFO] [net.petemc.undeadnights.UndeadNights/]: UNLOAD GlobalSpawnCount: 12 UNLOADED_TO_CHUNK 2f451259-fa27-40aa-91a7-03f0091b0053
[13Jul2025 00:18:32.050] [Server thread/INFO] [net.petemc.undeadnights.UndeadNights/]: UNLOAD GlobalSpawnCount: 11 UNLOADED_TO_CHUNK 89ac9828-b252-4dbe-a73d-8d1d8cb3fd3c
[13Jul2025 00:18:32.050] [Server thread/INFO] [net.petemc.undeadnights.UndeadNights/]: UNLOAD GlobalSpawnCount: 10 UNLOADED_TO_CHUNK 4132893d-3df0-4444-949a-db603db6780b
[13Jul2025 00:18:32.050] [Server thread/INFO] [net.petemc.undeadnights.UndeadNights/]: UNLOAD GlobalSpawnCount: 9 UNLOADED_TO_CHUNK 92fa24c7-20f3-4384-9106-459681543057
[13Jul2025 00:18:32.050] [Server thread/INFO] [net.petemc.undeadnights.UndeadNights/]: UNLOAD GlobalSpawnCount: 8 UNLOADED_TO_CHUNK d50c8212-bc8c-4807-9322-71d929f2d0aa
[13Jul2025 00:18:32.051] [Server thread/INFO] [net.petemc.undeadnights.UndeadNights/]: UNLOAD GlobalSpawnCount: 7 UNLOADED_TO_CHUNK 97c14573-c98d-4401-b89d-26efbab9713f
[13Jul2025 00:18:32.051] [Server thread/INFO] [net.petemc.undeadnights.UndeadNights/]: UNLOAD GlobalSpawnCount: 6 UNLOADED_TO_CHUNK df998988-ef09-4ab4-a7ee-0d9ac9bc243d
[13Jul2025 00:18:32.051] [Server thread/INFO] [net.petemc.undeadnights.UndeadNights/]: UNLOAD GlobalSpawnCount: 5 UNLOADED_TO_CHUNK d56806c6-f6b0-4f67-862a-de9261aacc9d
[13Jul2025 00:18:32.052] [Server thread/INFO] [net.petemc.undeadnights.UndeadNights/]: UNLOAD GlobalSpawnCount: 4 UNLOADED_TO_CHUNK 0323e878-2703-498a-9454-6a1e8b04085c
[13Jul2025 00:18:32.052] [Server thread/INFO] [net.petemc.undeadnights.UndeadNights/]: UNLOAD GlobalSpawnCount: 3 UNLOADED_TO_CHUNK b64f159f-795d-4cdd-a43d-89c2f866ca60
[13Jul2025 00:18:32.052] [Server thread/INFO] [net.petemc.undeadnights.UndeadNights/]: UNLOAD GlobalSpawnCount: 2 UNLOADED_TO_CHUNK 9a611e0d-dd07-485e-be50-0697764bf844
[13Jul2025 00:18:32.052] [Server thread/INFO] [net.petemc.undeadnights.UndeadNights/]: UNLOAD GlobalSpawnCount: 1 UNLOADED_TO_CHUNK a69c4608-3acb-419b-bf40-f4783680a800
[13Jul2025 00:19:37.303] [User Authenticator #21/INFO] [net.minecraft.server.network.ServerLoginPacketListenerImpl/]: UUID of player TerroncitoTroll is 0b650c72-c2be-41b7-8fc8-5e9e10a11412
[13Jul2025 00:19:47.440] [Server thread/INFO] [net.minecraft.server.players.PlayerList/]: TerroncitoTroll[/127.153.250.51:44355] logged in with entity id 133623 at (-932.5, 104.0, -873.5)
[13Jul2025 00:19:47.454] [Server thread/INFO] [net.minecraft.server.MinecraftServer/]: TerroncitoTroll joined the game
[13Jul2025 00:19:48.228] [Server thread/WARN] [ImprovableSkills/]: Skill tick took too long! (740 ms, expected <50 ms!). Time map: [improvableskills:ladder_king=740, improvableskills:luck_of_the_sea=0, improvableskills:silent_foot=0, improvableskills:obsidian_skin=0, improvableskills:attack_speed=0, improvableskills:dexterous_arms=0, improvableskills:huckster=0, improvableskills:fast_swimmer=0, improvableskills:growth=0, improvableskills:accelerated_furnace=0, improvableskills:pvp=0, improvableskills:xp_plus=0, improvableskills:soft_landing=0, improvableskills:cutting=0, improvableskills:treasure_sands=0, improvableskills:mob_repellent=0, improvableskills:mining=0, improvableskills:atkdmg_ranged=0, improvableskills:alchemist=0, improvableskills:leaper=0, improvableskills:atkdmg_melee=0, improvableskills:ender_manipulator=0, improvableskills:generic_protection=0, improvableskills:health=0, improvableskills:enchanter=0, improvableskills:digging=0, improvableskills:soul_speed=0]
[13Jul2025 00:19:48.230] [Server thread/INFO] [ImprovableSkills/]: Sending skill data to TerroncitoTroll (0b650c72-c2be-41b7-8fc8-5e9e10a11412)
[13Jul2025 00:20:21.237] [Server thread/INFO] [net.petemc.undeadnights.UndeadNights/]: UNLOAD GlobalSpawnCount: 30 KILLED 5906e87b-ba65-42eb-b9c6-65355c6b4ed5
[13Jul2025 00:20:23.293] [Server thread/INFO] [net.petemc.undeadnights.UndeadNights/]: UNLOAD GlobalSpawnCount: 29 DISCARDED 9c2ce04c-bd60-4f7f-abfc-a4382a222787
[13Jul2025 00:20:24.293] [Server thread/INFO] [net.petemc.undeadnights.UndeadNights/]: UNLOAD GlobalSpawnCount: 28 DISCARDED 1ad9cb2c-39e0-41c9-9c7f-dad2c66cc670
[13Jul2025 00:20:24.942] [Server thread/INFO] [net.petemc.undeadnights.UndeadNights/]: UNLOAD GlobalSpawnCount: 27 DISCARDED 13d9f266-da08-4eb4-8fd2-e3eb4b8096bf
[13Jul2025 00:20:27.236] [Server thread/INFO] [net.petemc.undeadnights.UndeadNights/]: UNLOAD GlobalSpawnCount: 26 KILLED 97c14573-c98d-4401-b89d-26efbab9713f
[13Jul2025 00:20:27.640] [Server thread/INFO] [net.petemc.undeadnights.UndeadNights/]: UNLOAD GlobalSpawnCount: 25 DISCARDED e1638676-8414-4f3e-b61f-d5907ad5059a
[13Jul2025 00:20:29.143] [Server thread/INFO] [net.petemc.undeadnights.UndeadNights/]: UNLOAD GlobalSpawnCount: 24 DISCARDED d50c8212-bc8c-4807-9322-71d929f2d0aa
[13Jul2025 00:20:29.439] [Server thread/INFO] [net.petemc.undeadnights.UndeadNights/]: UNLOAD GlobalSpawnCount: 23 KILLED 9c35eef6-df61-4140-b9ee-8fd7aaa33a67
[13Jul2025 00:20:29.789] [Server thread/INFO] [net.petemc.undeadnights.UndeadNights/]: UNLOAD GlobalSpawnCount: 22 DISCARDED 4132893d-3df0-4444-949a-db603db6780b
[13Jul2025 00:20:30.090] [Server thread/INFO] [net.petemc.undeadnights.UndeadNights/]: UNLOAD GlobalSpawnCount: 21 DISCARDED 9c4fe5c3-db1c-4895-ab2d-b83b887d387c
[13Jul2025 00:20:31.572] [Server thread/INFO] [net.minecraft.server.MinecraftServer/]: <TerroncitoTroll> a
[13Jul2025 00:20:35.338] [Server thread/WARN] [tombstone/]: The death event of the player TerroncitoTroll was canceled by another mod
[13Jul2025 00:20:35.352] [Server thread/INFO] [tombstone/]: The player TerroncitoTroll has successfully been saved
[13Jul2025 00:20:35.885] [Server thread/INFO] [net.petemc.undeadnights.UndeadNights/]: UNLOAD GlobalSpawnCount: 20 KILLED 832663fb-466d-4a38-a53f-77f2611066e0
[13Jul2025 00:20:39.841] [Server thread/INFO] [net.petemc.undeadnights.UndeadNights/]: UNLOAD GlobalSpawnCount: 19 DISCARDED 2f451259-fa27-40aa-91a7-03f0091b0053
[13Jul2025 00:20:41.294] [Server thread/INFO] [net.petemc.undeadnights.UndeadNights/]: UNLOAD GlobalSpawnCount: 18 DISCARDED 92fa24c7-20f3-4384-9106-459681543057
[13Jul2025 00:20:42.442] [Server thread/INFO] [net.petemc.undeadnights.UndeadNights/]: UNLOAD GlobalSpawnCount: 17 DISCARDED 3e50bde5-4a2d-4f62-bf8a-fec2c7df15b9
[13Jul2025 00:20:42.611] [Server thread/WARN] [tombstone/]: The death event of the player TerroncitoTroll was canceled by another mod
[13Jul2025 00:20:43.965] [Server thread/WARN] [tombstone/]: The death event of the player TerroncitoTroll was canceled by another mod
[13Jul2025 00:20:43.971] [Server thread/INFO] [tombstone/]: The player TerroncitoTroll has successfully been saved
[13Jul2025 00:20:50.504] [Server thread/INFO] [net.minecraft.server.MinecraftServer/]: After TerroncitoTroll was slain by Horde Zombie, they gave up
[13Jul2025 00:20:51.291] [Server thread/INFO] [net.petemc.undeadnights.UndeadNights/]: UNLOAD GlobalSpawnCount: 16 DISCARDED af057388-f859-4c84-b71c-71dc4445c29d
[13Jul2025 00:20:51.600] [Server thread/INFO] [net.petemc.undeadnights.UndeadNights/]: UNLOAD GlobalSpawnCount: 15 UNLOADED_TO_CHUNK e76965b0-6a88-4297-995b-31bfb2326cfa
[13Jul2025 00:20:51.601] [Server thread/INFO] [net.petemc.undeadnights.UndeadNights/]: UNLOAD GlobalSpawnCount: 14 UNLOADED_TO_CHUNK c71d77a8-e4e5-4931-950d-79f5252b9c4d
[13Jul2025 00:20:51.605] [Server thread/INFO] [net.petemc.undeadnights.UndeadNights/]: UNLOAD GlobalSpawnCount: 13 UNLOADED_TO_CHUNK 3bbc1038-8bf8-409c-9e37-3c15543415d4
[13Jul2025 00:20:51.605] [Server thread/INFO] [net.petemc.undeadnights.UndeadNights/]: UNLOAD GlobalSpawnCount: 12 UNLOADED_TO_CHUNK b55df9d1-7fa4-43cf-9dbb-b8f03927eb40
[13Jul2025 00:20:51.605] [Server thread/INFO] [net.petemc.undeadnights.UndeadNights/]: UNLOAD GlobalSpawnCount: 11 UNLOADED_TO_CHUNK 8d25cc49-d2fc-4ed8-b709-991fac485899
[13Jul2025 00:20:51.605] [Server thread/INFO] [net.petemc.undeadnights.UndeadNights/]: UNLOAD GlobalSpawnCount: 10 UNLOADED_TO_CHUNK 0323e878-2703-498a-9454-6a1e8b04085c
[13Jul2025 00:20:51.606] [Server thread/INFO] [net.petemc.undeadnights.UndeadNights/]: UNLOAD GlobalSpawnCount: 9 UNLOADED_TO_CHUNK 36b1cc35-28ad-414e-874a-1e6f8ac754bc
[13Jul2025 00:20:51.606] [Server thread/INFO] [net.petemc.undeadnights.UndeadNights/]: UNLOAD GlobalSpawnCount: 8 UNLOADED_TO_CHUNK 89ac9828-b252-4dbe-a73d-8d1d8cb3fd3c
[13Jul2025 00:20:51.608] [Server thread/INFO] [net.petemc.undeadnights.UndeadNights/]: UNLOAD GlobalSpawnCount: 7 UNLOADED_TO_CHUNK df998988-ef09-4ab4-a7ee-0d9ac9bc243d
[13Jul2025 00:20:51.608] [Server thread/INFO] [net.petemc.undeadnights.UndeadNights/]: UNLOAD GlobalSpawnCount: 6 UNLOADED_TO_CHUNK b64f159f-795d-4cdd-a43d-89c2f866ca60
[13Jul2025 00:20:52.013] [Server thread/INFO] [net.petemc.undeadnights.UndeadNights/]: UNLOAD GlobalSpawnCount: 5 UNLOADED_TO_CHUNK 9a611e0d-dd07-485e-be50-0697764bf844
[13Jul2025 00:20:52.013] [Server thread/INFO] [net.petemc.undeadnights.UndeadNights/]: UNLOAD GlobalSpawnCount: 4 UNLOADED_TO_CHUNK d56806c6-f6b0-4f67-862a-de9261aacc9d
[13Jul2025 00:20:52.013] [Server thread/INFO] [net.petemc.undeadnights.UndeadNights/]: UNLOAD GlobalSpawnCount: 3 UNLOADED_TO_CHUNK 9d3f50a5-9c58-49e6-8487-1db2110999ad
[13Jul2025 00:20:52.013] [Server thread/INFO] [net.petemc.undeadnights.UndeadNights/]: UNLOAD GlobalSpawnCount: 2 UNLOADED_TO_CHUNK 04746ce9-89ef-467b-b7b8-0e236833b649
[13Jul2025 00:20:52.013] [Server thread/INFO] [net.petemc.undeadnights.UndeadNights/]: UNLOAD GlobalSpawnCount: 1 UNLOADED_TO_CHUNK a69c4608-3acb-419b-bf40-f4783680a800
[13Jul2025 00:21:16.388] [Server thread/WARN] [tombstone/]: The death event of the player TerroncitoTroll was canceled by another mod
[13Jul2025 00:21:23.638] [Server thread/INFO] [net.petemc.undeadnights.UndeadNights/]: UNLOAD GlobalSpawnCount: 15 KILLED 0323e878-2703-498a-9454-6a1e8b04085c
[13Jul2025 00:21:24.059] [Server thread/INFO] [net.minecraft.server.MinecraftServer/]: <TerroncitoTroll> o q la
[13Jul2025 00:21:30.901] [Server thread/WARN] [tombstone/]: The death event of the player TerroncitoTroll was canceled by another mod
[13Jul2025 00:21:32.360] [Server thread/WARN] [tombstone/]: The death event of the player TerroncitoTroll was canceled by another mod
[13Jul2025 00:21:32.366] [Server thread/INFO] [tombstone/]: The player TerroncitoTroll has successfully been saved
[13Jul2025 00:21:38.650] [Server thread/INFO] [net.minecraft.server.MinecraftServer/]: After TerroncitoTroll was slain by Horde Zombie, they gave up
[13Jul2025 00:21:39.733] [Server thread/INFO] [net.petemc.undeadnights.UndeadNights/]: UNLOAD GlobalSpawnCount: 14 DISCARDED 9a611e0d-dd07-485e-be50-0697764bf844
[13Jul2025 00:21:39.733] [Server thread/INFO] [net.petemc.undeadnights.UndeadNights/]: UNLOAD GlobalSpawnCount: 13 DISCARDED d56806c6-f6b0-4f67-862a-de9261aacc9d
[13Jul2025 00:21:39.733] [Server thread/INFO] [net.petemc.undeadnights.UndeadNights/]: UNLOAD GlobalSpawnCount: 12 DISCARDED 9d3f50a5-9c58-49e6-8487-1db2110999ad
[13Jul2025 00:21:39.733] [Server thread/INFO] [net.petemc.undeadnights.UndeadNights/]: UNLOAD GlobalSpawnCount: 11 DISCARDED 04746ce9-89ef-467b-b7b8-0e236833b649
[13Jul2025 00:21:39.733] [Server thread/INFO] [net.petemc.undeadnights.UndeadNights/]: UNLOAD GlobalSpawnCount: 10 DISCARDED a69c4608-3acb-419b-bf40-f4783680a800
[13Jul2025 00:21:39.734] [Server thread/INFO] [net.petemc.undeadnights.UndeadNights/]: UNLOAD GlobalSpawnCount: 9 DISCARDED 3bbc1038-8bf8-409c-9e37-3c15543415d4
[13Jul2025 00:21:39.734] [Server thread/INFO] [net.petemc.undeadnights.UndeadNights/]: UNLOAD GlobalSpawnCount: 8 DISCARDED b55df9d1-7fa4-43cf-9dbb-b8f03927eb40
[13Jul2025 00:21:39.734] [Server thread/INFO] [net.petemc.undeadnights.UndeadNights/]: UNLOAD GlobalSpawnCount: 7 DISCARDED 8d25cc49-d2fc-4ed8-b709-991fac485899
[13Jul2025 00:21:39.734] [Server thread/INFO] [net.petemc.undeadnights.UndeadNights/]: UNLOAD GlobalSpawnCount: 6 DISCARDED df998988-ef09-4ab4-a7ee-0d9ac9bc243d
[13Jul2025 00:21:39.734] [Server thread/INFO] [net.petemc.undeadnights.UndeadNights/]: UNLOAD GlobalSpawnCount: 5 DISCARDED b64f159f-795d-4cdd-a43d-89c2f866ca60
[13Jul2025 00:21:39.734] [Server thread/INFO] [net.petemc.undeadnights.UndeadNights/]: UNLOAD GlobalSpawnCount: 4 DISCARDED e76965b0-6a88-4297-995b-31bfb2326cfa
[13Jul2025 00:21:39.734] [Server thread/INFO] [net.petemc.undeadnights.UndeadNights/]: UNLOAD GlobalSpawnCount: 3 DISCARDED c71d77a8-e4e5-4931-950d-79f5252b9c4d
[13Jul2025 00:21:39.734] [Server thread/INFO] [net.petemc.undeadnights.UndeadNights/]: UNLOAD GlobalSpawnCount: 2 DISCARDED 89ac9828-b252-4dbe-a73d-8d1d8cb3fd3c
[13Jul2025 00:21:39.734] [Server thread/INFO] [net.petemc.undeadnights.UndeadNights/]: UNLOAD GlobalSpawnCount: 1 DISCARDED 36b1cc35-28ad-414e-874a-1e6f8ac754bc
[13Jul2025 00:21:55.361] [Server thread/INFO] [net.minecraft.server.MinecraftServer/]: <TerroncitoTroll> a
[13Jul2025 00:31:10.098] [Server thread/INFO] [net.minecraft.server.MinecraftServer/]: TerroncitoTroll has made the advancement [Minecraft Comes Alive]
[13Jul2025 00:32:52.150] [Server thread/INFO] [net.minecraft.world.entity.npc.Villager/]: Villager AggressiveVillagerEntityMCA['Martha'/139648, l='ServerLevel[Mundo nuevo]', x=-757.39, y=172.94, z=-889.50] died, message: 'Martha was slain by Vampire'
[13Jul2025 00:32:52.151] [Server thread/INFO] [net.minecraft.world.entity.LivingEntity/]: Named entity AggressiveVillagerEntityMCA['Martha'/139648, l='ServerLevel[Mundo nuevo]', x=-757.39, y=172.94, z=-889.50] died: Martha was slain by Vampire
[13Jul2025 00:32:55.450] [Server thread/INFO] [net.minecraft.world.entity.npc.Villager/]: Villager AggressiveVillagerEntityMCA['Shari'/139654, l='ServerLevel[Mundo nuevo]', x=-758.68, y=172.94, z=-889.48] died, message: 'Shari was slain by Vampire'
[13Jul2025 00:32:55.450] [Server thread/INFO] [net.minecraft.world.entity.LivingEntity/]: Named entity AggressiveVillagerEntityMCA['Shari'/139654, l='ServerLevel[Mundo nuevo]', x=-758.68, y=172.94, z=-889.48] died: Shari was slain by Vampire
[13Jul2025 00:33:00.552] [Server thread/INFO] [net.minecraft.world.entity.npc.Villager/]: Villager AggressiveVillagerEntityMCA['Leilani'/139647, l='ServerLevel[Mundo nuevo]', x=-754.12, y=172.94, z=-894.34] died, message: 'Leilani was slain by Vampire'
[13Jul2025 00:33:00.553] [Server thread/INFO] [net.minecraft.world.entity.LivingEntity/]: Named entity AggressiveVillagerEntityMCA['Leilani'/139647, l='ServerLevel[Mundo nuevo]', x=-754.12, y=172.94, z=-894.34] died: Leilani was slain by Vampire
[13Jul2025 00:33:02.856] [Server thread/INFO] [de.teamlapen.vampirism.blockentity.TotemBlockEntity/]: Failed to spawn capture creature
[13Jul2025 00:33:19.005] [Server thread/INFO] [net.minecraft.server.network.ServerGamePacketListenerImpl/]: TerroncitoTroll lost connection: Timed out
[13Jul2025 00:33:19.005] [Server thread/INFO] [net.minecraft.server.MinecraftServer/]: TerroncitoTroll left the game
[13Jul2025 00:43:38.906] [User Authenticator #22/INFO] [net.minecraft.server.network.ServerLoginPacketListenerImpl/]: UUID of player TerroncitoTroll is 0b650c72-c2be-41b7-8fc8-5e9e10a11412
[13Jul2025 00:43:48.187] [Server thread/INFO] [net.minecraft.server.players.PlayerList/]: TerroncitoTroll[/127.153.250.51:52769] logged in with entity id 139838 at (-758.9100388296071, 180.25220334025371, -864.5870659439029)
[13Jul2025 00:43:48.199] [Server thread/INFO] [net.minecraft.server.MinecraftServer/]: TerroncitoTroll joined the game
[13Jul2025 00:43:49.093] [Server thread/WARN] [ImprovableSkills/]: Skill tick took too long! (817 ms, expected <50 ms!). Time map: [improvableskills:ladder_king=817, improvableskills:luck_of_the_sea=0, improvableskills:silent_foot=0, improvableskills:obsidian_skin=0, improvableskills:attack_speed=0, improvableskills:dexterous_arms=0, improvableskills:huckster=0, improvableskills:fast_swimmer=0, improvableskills:growth=0, improvableskills:accelerated_furnace=0, improvableskills:pvp=0, improvableskills:xp_plus=0, improvableskills:soft_landing=0, improvableskills:cutting=0, improvableskills:treasure_sands=0, improvableskills:mob_repellent=0, improvableskills:mining=0, improvableskills:atkdmg_ranged=0, improvableskills:alchemist=0, improvableskills:leaper=0, improvableskills:atkdmg_melee=0, improvableskills:ender_manipulator=0, improvableskills:generic_protection=0, improvableskills:health=0, improvableskills:enchanter=0, improvableskills:digging=0, improvableskills:soul_speed=0]
[13Jul2025 00:44:07.004] [Server thread/INFO] [ImprovableSkills/]: Sending skill data to TerroncitoTroll (0b650c72-c2be-41b7-8fc8-5e9e10a11412)
[13Jul2025 00:44:35.048] [Server thread/INFO] [net.minecraft.server.MinecraftServer/]: <TerroncitoTroll> a
[13Jul2025 00:46:16.945] [Server thread/INFO] [net.minecraft.world.entity.npc.Villager/]: Villager ConvertedVillagerEntityMCA['Clifford'/140664, l='ServerLevel[Mundo nuevo]', x=-793.98, y=178.00, z=-855.51] died, message: 'Clifford was slain by Clifford'
[13Jul2025 00:46:16.945] [Server thread/INFO] [net.minecraft.world.entity.LivingEntity/]: Named entity ConvertedVillagerEntityMCA['Clifford'/140664, l='ServerLevel[Mundo nuevo]', x=-793.98, y=178.00, z=-855.51] died: Clifford was slain by Clifford
[13Jul2025 00:46:27.313] [Server thread/INFO] [net.minecraft.server.MinecraftServer/]: TerroncitoTroll has made the advancement [What a Deal!]
[13Jul2025 00:46:27.313] [Server thread/INFO] [net.minecraft.server.MinecraftServer/]: TerroncitoTroll has made the advancement [Dungeons Mod]
